This file contains any messages produced by compilers while
running configure, to aid debugging if configure makes a mistake.

It was created by RtMidi configure 1.0, which was
generated by GNU Autoconf 2.61.  Invocation command line was

  $ ./configure 

## --------- ##
## Platform. ##
## --------- ##

hostname = MacBook4-1.local
uname -m = i386
uname -r = 10.4.0
uname -s = Darwin
uname -v = Darwin Kernel Version 10.4.0: Fri Apr 23 18:28:53 PDT 2010; root:xnu-1504.7.4~1/RELEASE_I386

/usr/bin/uname -p = i386
/bin/uname -X     = unknown

/bin/arch              = unknown
/usr/bin/arch -k       = unknown
/usr/convex/getsysinfo = unknown
/usr/bin/hostinfo      = Mach kernel version:
	 Darwin Kernel Version 10.4.0: Fri Apr 23 18:28:53 PDT 2010; root:xnu-1504.7.4~1/RELEASE_I386
Kernel configured for up to 2 processors.
2 processors are physically available.
2 processors are logically available.
Processor type: i486 (Intel 80486)
Processors active: 0 1
Primary memory available: 3.00 gigabytes
Default processor set: 79 tasks, 334 threads, 2 processors
Load average: 0.94, Mach factor: 1.29
/bin/machine           = unknown
/usr/bin/oslevel       = unknown
/bin/universe          = unknown

PATH: /opt/local/bin
PATH: /opt/local/sbin
PATH: /usr/local/libexec
PATH: /Developer/usr/bin
PATH: /Library/PostgreSQL/8.4/bin
PATH: /Library/Frameworks/Python.framework/Versions/2.6/bin
PATH: /opt/local/bin
PATH: /opt/local/sbin
PATH: /usr/bin
PATH: /bin
PATH: /usr/sbin
PATH: /sbin
PATH: /usr/local/bin
PATH: /usr/X11/bin
PATH: /usr/local/CrossPack-AVR/bin


## ----------- ##
## Core tests. ##
## ----------- ##

configure:1813: checking for g++
configure:1829: found /Developer/usr/bin/g++
configure:1840: result: g++
configure:1871: checking for C++ compiler version
configure:1878: g++ --version >&5
i686-apple-darwin10-g++-4.2.1 (GCC) 4.2.1 (Apple Inc. build 5664)
Copyright (C) 2007 Free Software Foundation, Inc.
This is free software; see the source for copying conditions.  There is NO
warranty; not even for MERCHANTABILITY or FITNESS FOR A PARTICULAR PURPOSE.

configure:1881: $? = 0
configure:1888: g++ -v >&5
Using built-in specs.
Target: i686-apple-darwin10
Configured with: /var/tmp/gcc/gcc-5664~105/src/configure --disable-checking --enable-werror --prefix=/usr --mandir=/share/man --enable-languages=c,objc,c++,obj-c++ --program-transform-name=/^[cg][^.-]*$/s/$/-4.2/ --with-slibdir=/usr/lib --build=i686-apple-darwin10 --program-prefix=i686-apple-darwin10- --host=x86_64-apple-darwin10 --target=i686-apple-darwin10 --with-gxx-include-dir=/include/c++/4.2.1
Thread model: posix
gcc version 4.2.1 (Apple Inc. build 5664)
configure:1891: $? = 0
configure:1898: g++ -V >&5
g++-4.2: argument to `-V' is missing
configure:1901: $? = 1
configure:1924: checking for C++ compiler default output file name
configure:1951: g++    conftest.cpp  >&5
configure:1954: $? = 0
configure:1992: result: a.out
configure:2009: checking whether the C++ compiler works
configure:2019: ./a.out
configure:2022: $? = 0
configure:2039: result: yes
configure:2046: checking whether we are cross compiling
configure:2048: result: no
configure:2051: checking for suffix of executables
configure:2058: g++ -o conftest    conftest.cpp  >&5
configure:2061: $? = 0
configure:2085: result: 
configure:2091: checking for suffix of object files
configure:2117: g++ -c   conftest.cpp >&5
configure:2120: $? = 0
configure:2143: result: o
configure:2147: checking whether we are using the GNU C++ compiler
configure:2176: g++ -c   conftest.cpp >&5
configure:2182: $? = 0
configure:2199: result: yes
configure:2204: checking whether g++ accepts -g
configure:2234: g++ -c -g  conftest.cpp >&5
configure:2240: $? = 0
configure:2339: result: yes
configure:2412: checking for gcc
configure:2428: found /Developer/usr/bin/gcc
configure:2439: result: gcc
configure:2677: checking for C compiler version
configure:2684: gcc --version >&5
i686-apple-darwin10-gcc-4.2.1 (GCC) 4.2.1 (Apple Inc. build 5664)
Copyright (C) 2007 Free Software Foundation, Inc.
This is free software; see the source for copying conditions.  There is NO
warranty; not even for MERCHANTABILITY or FITNESS FOR A PARTICULAR PURPOSE.

configure:2687: $? = 0
configure:2694: gcc -v >&5
Using built-in specs.
Target: i686-apple-darwin10
Configured with: /var/tmp/gcc/gcc-5664~105/src/configure --disable-checking --enable-werror --prefix=/usr --mandir=/share/man --enable-languages=c,objc,c++,obj-c++ --program-transform-name=/^[cg][^.-]*$/s/$/-4.2/ --with-slibdir=/usr/lib --build=i686-apple-darwin10 --program-prefix=i686-apple-darwin10- --host=x86_64-apple-darwin10 --target=i686-apple-darwin10 --with-gxx-include-dir=/include/c++/4.2.1
Thread model: posix
gcc version 4.2.1 (Apple Inc. build 5664)
configure:2697: $? = 0
configure:2704: gcc -V >&5
gcc-4.2: argument to `-V' is missing
configure:2707: $? = 1
configure:2710: checking whether we are using the GNU C compiler
configure:2739: gcc -c   conftest.c >&5
configure:2745: $? = 0
configure:2762: result: yes
configure:2767: checking whether gcc accepts -g
configure:2797: gcc -c -g  conftest.c >&5
configure:2803: $? = 0
configure:2902: result: yes
configure:2919: checking for gcc option to accept ISO C89
configure:2993: gcc  -c -g -O2  conftest.c >&5
configure:2999: $? = 0
configure:3022: result: none needed
configure:3046: checking how to run the C preprocessor
configure:3086: gcc -E  conftest.c
configure:3092: $? = 0
configure:3123: gcc -E  conftest.c
conftest.c:8:28: error: ac_nonexistent.h: No such file or directory
configure:3129: $? = 1
configure: failed program was:
| /* confdefs.h.  */
| #define PACKAGE_NAME "RtMidi"
| #define PACKAGE_TARNAME "rtmidi"
| #define PACKAGE_VERSION "1.0"
| #define PACKAGE_STRING "RtMidi 1.0"
| #define PACKAGE_BUGREPORT "gary@music.mcgill.ca"
| /* end confdefs.h.  */
| #include <ac_nonexistent.h>
configure:3162: result: gcc -E
configure:3191: gcc -E  conftest.c
configure:3197: $? = 0
configure:3228: gcc -E  conftest.c
conftest.c:8:28: error: ac_nonexistent.h: No such file or directory
configure:3234: $? = 1
configure: failed program was:
| /* confdefs.h.  */
| #define PACKAGE_NAME "RtMidi"
| #define PACKAGE_TARNAME "rtmidi"
| #define PACKAGE_VERSION "1.0"
| #define PACKAGE_STRING "RtMidi 1.0"
| #define PACKAGE_BUGREPORT "gary@music.mcgill.ca"
| /* end confdefs.h.  */
| #include <ac_nonexistent.h>
configure:3272: checking for grep that handles long lines and -e
configure:3346: result: /usr/bin/grep
configure:3351: checking for egrep
configure:3429: result: /usr/bin/grep -E
configure:3434: checking for ANSI C header files
configure:3464: gcc -c -g -O2  conftest.c >&5
configure:3470: $? = 0
configure:3569: gcc -o conftest -g -O2   conftest.c  >&5
configure:3572: $? = 0
configure:3578: ./conftest
configure:3581: $? = 0
configure:3598: result: yes
configure:3611: checking whether to compile debug version
configure:3624: result: no
configure:3651: checking build system type
configure:3669: result: i386-apple-darwin10.4.0
configure:3691: checking host system type
configure:3706: result: i386-apple-darwin10.4.0
configure:3728: checking for MIDI API
configure:4061: checking for sys/types.h
configure:4082: gcc -c -g -O2   conftest.c >&5
configure:4088: $? = 0
configure:4104: result: yes
configure:4061: checking for sys/stat.h
configure:4082: gcc -c -g -O2   conftest.c >&5
configure:4088: $? = 0
configure:4104: result: yes
configure:4061: checking for stdlib.h
configure:4082: gcc -c -g -O2   conftest.c >&5
configure:4088: $? = 0
configure:4104: result: yes
configure:4061: checking for string.h
configure:4082: gcc -c -g -O2   conftest.c >&5
configure:4088: $? = 0
configure:4104: result: yes
configure:4061: checking for memory.h
configure:4082: gcc -c -g -O2   conftest.c >&5
configure:4088: $? = 0
configure:4104: result: yes
configure:4061: checking for strings.h
configure:4082: gcc -c -g -O2   conftest.c >&5
configure:4088: $? = 0
configure:4104: result: yes
configure:4061: checking for inttypes.h
configure:4082: gcc -c -g -O2   conftest.c >&5
configure:4088: $? = 0
configure:4104: result: yes
configure:4061: checking for stdint.h
configure:4082: gcc -c -g -O2   conftest.c >&5
configure:4088: $? = 0
configure:4104: result: yes
configure:4061: checking for unistd.h
configure:4082: gcc -c -g -O2   conftest.c >&5
configure:4088: $? = 0
configure:4104: result: yes
configure:4126: checking CoreMIDI/CoreMIDI.h usability
configure:4143: gcc -c -g -O2   conftest.c >&5
configure:4149: $? = 0
configure:4163: result: yes
configure:4167: checking CoreMIDI/CoreMIDI.h presence
configure:4182: gcc -E   conftest.c
configure:4188: $? = 0
configure:4202: result: yes
configure:4235: checking for CoreMIDI/CoreMIDI.h
configure:4242: result: yes
configure:4410: creating ./config.status

## ---------------------- ##
## Running config.status. ##
## ---------------------- ##

This file was extended by RtMidi config.status 1.0, which was
generated by GNU Autoconf 2.61.  Invocation command line was

  CONFIG_FILES    = 
  CONFIG_HEADERS  = 
  CONFIG_LINKS    = 
  CONFIG_COMMANDS = 
  $ ./config.status 

on MacBook4-1.local

config.status:590: creating tests/Makefile

## ---------------- ##
## Cache variables. ##
## ---------------- ##

ac_cv_build=i386-apple-darwin10.4.0
ac_cv_c_compiler_gnu=yes
ac_cv_cxx_compiler_gnu=yes
ac_cv_env_CCC_set=
ac_cv_env_CCC_value=
ac_cv_env_CC_set=
ac_cv_env_CC_value=
ac_cv_env_CFLAGS_set=
ac_cv_env_CFLAGS_value=
ac_cv_env_CPPFLAGS_set=
ac_cv_env_CPPFLAGS_value=
ac_cv_env_CPP_set=
ac_cv_env_CPP_value=
ac_cv_env_CXXFLAGS_set=
ac_cv_env_CXXFLAGS_value=
ac_cv_env_CXX_set=
ac_cv_env_CXX_value=
ac_cv_env_LDFLAGS_set=
ac_cv_env_LDFLAGS_value=
ac_cv_env_LIBS_set=
ac_cv_env_LIBS_value=
ac_cv_env_build_alias_set=
ac_cv_env_build_alias_value=
ac_cv_env_host_alias_set=
ac_cv_env_host_alias_value=
ac_cv_env_target_alias_set=
ac_cv_env_target_alias_value=
ac_cv_header_CoreMIDI_CoreMIDI_h=yes
ac_cv_header_inttypes_h=yes
ac_cv_header_memory_h=yes
ac_cv_header_stdc=yes
ac_cv_header_stdint_h=yes
ac_cv_header_stdlib_h=yes
ac_cv_header_string_h=yes
ac_cv_header_strings_h=yes
ac_cv_header_sys_stat_h=yes
ac_cv_header_sys_types_h=yes
ac_cv_header_unistd_h=yes
ac_cv_host=i386-apple-darwin10.4.0
ac_cv_objext=o
ac_cv_path_EGREP='/usr/bin/grep -E'
ac_cv_path_GREP=/usr/bin/grep
ac_cv_prog_CPP='gcc -E'
ac_cv_prog_ac_ct_CC=gcc
ac_cv_prog_ac_ct_CXX=g++
ac_cv_prog_cc_c89=
ac_cv_prog_cc_g=yes
ac_cv_prog_cxx_g=yes

## ----------------- ##
## Output variables. ##
## ----------------- ##

CC='gcc'
CFLAGS='-g -O2'
CPP='gcc -E'
CPPFLAGS='  -D__MACOSX_CORE__'
CXX='g++'
CXXFLAGS='-O3 -Wall'
DEFS='-DPACKAGE_NAME=\"RtMidi\" -DPACKAGE_TARNAME=\"rtmidi\" -DPACKAGE_VERSION=\"1.0\" -DPACKAGE_STRING=\"RtMidi\ 1.0\" -DPACKAGE_BUGREPORT=\"gary@music.mcgill.ca\" -DSTDC_HEADERS=1 -DHAVE_SYS_TYPES_H=1 -DHAVE_SYS_STAT_H=1 -DHAVE_STDLIB_H=1 -DHAVE_STRING_H=1 -DHAVE_MEMORY_H=1 -DHAVE_STRINGS_H=1 -DHAVE_INTTYPES_H=1 -DHAVE_STDINT_H=1 -DHAVE_UNISTD_H=1'
ECHO_C='ECHO_N=''
ECHO_T=''
EGREP='/usr/bin/grep -E'
EXEEXT=''
GREP='/usr/bin/grep'
GXX='yes'
LDFLAGS=''
LIBOBJS=''
LIBS='-framework CoreMIDI -framework CoreFoundation -framework CoreAudio'
LTLIBOBJS=''
OBJEXT='o'
PACKAGE_BUGREPORT='gary@music.mcgill.ca'
PACKAGE_NAME='RtMidi'
PACKAGE_STRING='RtMidi 1.0'
PACKAGE_TARNAME='rtmidi'
PACKAGE_VERSION='1.0'
PATH_SEPARATOR=':'
SHELL='/bin/sh'
ac_ct_CC='gcc'
ac_ct_CXX='g++'
api='-D__MACOSX_CORE__'
bindir='${exec_prefix}/bin'
build='i386-apple-darwin10.4.0'
build_alias=''
build_cpu='i386'
build_os='darwin10.4.0'
build_vendor='apple'
cppflag=''
cxxflag='-Wall'
datadir='${datarootdir}'
datarootdir='${prefix}/share'
docdir='${datarootdir}/doc/${PACKAGE_TARNAME}'
dvidir='${docdir}'
exec_prefix='${prefix}'
host='i386-apple-darwin10.4.0'
host_alias=''
host_cpu='i386'
host_os='darwin10.4.0'
host_vendor='apple'
htmldir='${docdir}'
includedir='${prefix}/include'
infodir='${datarootdir}/info'
libdir='${exec_prefix}/lib'
libexecdir='${exec_prefix}/libexec'
localedir='${datarootdir}/locale'
localstatedir='${prefix}/var'
mandir='${datarootdir}/man'
object_path='Release'
oldincludedir='/usr/include'
pdfdir='${docdir}'
prefix='/usr/local'
program_transform_name='s,x,x,'
psdir='${docdir}'
sbindir='${exec_prefix}/sbin'
sharedstatedir='${prefix}/com'
sysconfdir='${prefix}/etc'
target_alias=''

## ----------- ##
## confdefs.h. ##
## ----------- ##

#define PACKAGE_NAME "RtMidi"
#define PACKAGE_TARNAME "rtmidi"
#define PACKAGE_VERSION "1.0"
#define PACKAGE_STRING "RtMidi 1.0"
#define PACKAGE_BUGREPORT "gary@music.mcgill.ca"
#define STDC_HEADERS 1
#define HAVE_SYS_TYPES_H 1
#define HAVE_SYS_STAT_H 1
#define HAVE_STDLIB_H 1
#define HAVE_STRING_H 1
#define HAVE_MEMORY_H 1
#define HAVE_STRINGS_H 1
#define HAVE_INTTYPES_H 1
#define HAVE_STDINT_H 1
#define HAVE_UNISTD_H 1

configure: exit 0
